O O O O B-Symptom I-Symptom I-Symptom I-Symptom I-Symptom O
O O O O O O O B-Symptom I-Symptom O
O O O O O B-Symptom I-Symptom I-Symptom O
O O O O O O B-Symptom I-Symptom I-Symptom O
O O O O B-Symptoms I-Symptoms O O O O O O O O O O O O
O O O O O O B-Symptom I-Symptom O
O O O O O O B-Symptom I-Symptom I-Symptom O
O O O O O B-Symptom I-Symptom O
O O O O B-Symptom I-Symptom O O
O O O O O O O
O O O O O O O O B-Symptom I-Symptom I-Symptom I-Symptom I-Symptom O O O O O O O O O O O O
O O O O O O B-Symptom I-Symptom I-Symptom O
O O O O O B-Symptom I-Symptom O
O O O O B-Symptom I-Symptom O O
O O O O O O B-Symptom I-Symptom O O O O O O O
O O O O O O B-Symptom I-Symptom I-Symptom O
O O O O O B-Symptoms I-Symptoms I-Symptoms I-Symptoms O
O O O O O B-Symptom I-Symptom O
O O O B-Symptoms I-Symptoms O O
O O O O B-Symptom I-Symptom I-Symptom O
O O O O O O O O
O O O O O O O O
O O O B-Symptoms O
O O O O
O O O O O O B-Symptom O O O O O O O O O O O
O O O B-Symptom O
O O O O O O O B-Symptom O
O O O O O O O O B-Symptom O
O O O O O B-Symptom I-Symptom I-Symptom O
O O O O O
O O O B-Symptom O O
O O O O O O O O O O B-Symptom O
O O O O B-Symptom I-Symptom I-Symptom O
O O O O O O O O O O O O
O O O O O O O B-Symptom I-Symptom I-Symptom I-Symptom O O O O O O O O O
O O O O O O
O O O O O B-Symptom I-Symptom O
O O O B-Symptom O
O O O O O O O
O O O O O O B-Symptom I-Symptom I-Symptom O O O O O O O O O O O O
O O O O O O O B-Symptom I-Symptom O
O O O O O O B-Symptom I-Symptom I-Symptom O
O O O O O O B-Symptom O
O O O O O O O
O O O B-Symptom O
O O O O O B-Symptom I-Symptom I-Symptom O
O O O O O O B-Symptom O
O O O O O O O O O O B-Symptom O
O O O O O O B-Symptom I-Symptom O
O O O O B-Symptom I-Symptom I-Symptom O
O O O B-Symptom O
O O O O O O B-Symptom I-Symptom O
O O O B-Symptom O
O O O O O O O O
O O O O O O B-Symptom O
O O O O O B-Symptom I-Symptom I-Symptom O O
O O O O O O B-Symptom O O O O O O O O O
O O O O O O O B-Symptom I-Symptom I-Symptom I-Symptom I-Symptom O
O O O O O B-Symptom I-Symptom I-Symptom O
O O O O O B-Symptom I-Symptom I-Symptom I-Symptom O
O O O O B-Symptom I-Symptom O O
O O O O O O B-Symptom I-Symptom O
O O O B-Symptom I-Symptom I-Symptom O
O O O O O
O O
O O O B-Symptom O
O O O O O
O O O O O  O B-Symptom I-Symptom I-Symptom I-Symptom O O
O O O O O O O B-Symptom I-Symptom O O O O O O O O
O O O O O O B-Symptom I-Symptom O O O O O O O O O O
O O O O O O B-Symptom O
O O O O O O B-Symptom I-Symptom I-Symptom O
O O O O O O B-Symptom O O O O O O O O O O O O
O O O O
O O O O O O B-Symptom I-Symptom I-Symptom I-Symptom O
O O O O O O B-Symptom I-Symptom I-Symptom O O O O O O O
O O O O O O O B-Symptom I-Symptom O
O O B-Symptom O
O O O O O
O O O O O O O O
O O O B-Symptom O
O O O O O O O O O O O B-Symptom I-Symptom I-Symptom O
O O O O
O O O O O B-Symptom O
O O O O O B-Symptom O
O O O O
O O O O O B-Symptom I-Symptom I-Symptom I-Symptom O O O O O O O O O
O O O O
O O O O O B-Symptom I-Symptom O O O O O O O
O O O O B-Symptom O
O O O O B-Symptom I-Symptom O
O O O B-Symptom O
O O O O O O B-Symptom I-Symptom O
O O O O O O B-Symptom I-Symptom I-Symptom O
O O O O O O O B-Symptom I-Symptom O
O O O O O O B-Symptom I-Symptom I-Symptom I-Symptom O O O O O O O O O O O
O O O O B-Symptom O
O O O O O B-Symptom I-Symptom O
O O O O O O O O
O O O O O B-Symptom I-Symptom O O O O O O O O O
O O O O O O B-Symptom I-Symptom O
O O O O O O B-Symptom I-Symptom O O O O O O O O O
O O O O B-Symptom I-Symptom O
O O O O O
O O O O O B-Symptom I-Symptom O
O O O O B-Symptom O
O O O B-Symptom O
O O O O O B-Symptom I-Symptom O
O O O O  O O B-Symptom I-Symptom  O
O O O O O O B-Symptom I-Symptom I-Symptom I-Symptom O
O O O O O B-Symptom I-Symptom I-Symptom O
O O O O O O O B-Symptom O O O O O O O O
O O O O O B-Symptom I-Symptom O
O O O O O
O O O O O O B-Symptom I-Symptom I-Symptom I-Symptom O O O O O O O O O O O O
O O O O O O O O
O O O O O B-Symptom I-Symptom I-Symptom O O O O O O O O O
O O O O O O B-Symptom I-Symptom I-Symptom O
O O O O O B-Symptom O O O O O O O
O O O O O O O O O B-Symptom O
O O O O
O O O O O O B-Symptom I-Symptom O
O O O O O O B-Symptom I-Symptom I-Symptom I-Symptom O O O O O O
O O O O B-Symptom I-Symptom O
O O O O O B-Symptom I-Symptom I-Symptom O
O O O O O O O
O O O O O O B-Symptom O
O O O O O O O B-Symptom I-Symptom I-Symptom O O O O O O O O O
O O O O O B-Symptom I-Symptom I-Symptom O
O O O O O O O
O O O O O O O B-Symptom I-Symptom O
O O O O
O O O O O B-Symptom O O O
O O O O O B-Symptom I-Symptom I-Symptom O
O O O O B-Symptom I-Symptom O O O O O O O O O O
O O O B-Symptom O
O O O O O O O B-Symptom I-Symptom I-Symptom I-Symptom O
O O O O O B-Symptom O O O O O O O O O
O O O B-Syptom O
O O O O O O B-Symptom I-Symptom I-Symptom O
O O O O
O O O O O O B-Symptom I-Symptom I-Symptom I-Symptom O
O O O O B-Symptom O
O O O O O O  O B-Symptom I-Symptom O O O O O O O
O O O O O B-Symptom O
O O O B-Symptom O
O O O O O B-Symptom I-Symptom O
O O O O O O B-Symptom O
O O O O O B-Symptom I-Symptom I-Symptom O
O O O  O B-Symptom O
O O O O O O B-Symptom O
O O O O O O B-Symptom I-Symptom I-Symptom O O O O O O O O O
O O O O
O O O O B-Symptom I-Symptom O
O O O O
O O O O O
O O O O O B-Symptom O
O O O B-Symptom O
O O O O B-Symptom O
O O O O O O B-Symptom O
O O O O O O B-Symptom I-Symptom O
O O O O O O O B-Symptom I-Symptom I-Symptom I-Symptom O
O O O O B-Symptom O
O O O B-Symptom O
O O O O O O B-Symptom I-Symptom O
O O O O O O O
O O O O
O O O O
O O O O O O O B-Symptom I-Symptom O
O O O O
O O O O O O O B-Symptom O O O O O O O O O
O O O O
O O O O O B-Symptom I-Symptom O
O O O O O
O O O O O B-SYmptom I-Symptom I-Symptom O
O O O O O O B-Symptom O O
O O O O O B-Symptom O O O O O O O O O O
O O O O O B-Symptom O O
O O O O
O O O O O B-Symptom I-Symptom O
O O O O O B-Symptom I-Symptom I-Symptom I-Symptom O
O O O O O O O B-Symptom I-Symptom I-Symptom I-Symptom O
O O O O O O O
O O O O O
O O O O O O O B-Symptom I-Symptom O
O O O O
O O O O O B-Symptom I-Symptom O
O O O O O O O O B-Symptom I-Symptom O O O O O O O O O
O O O O O
O O
O O O O O B-Symptom I-Symptom O
O O O O O O
O O O O O O B-Symptom O O
O O O O O O O O
O O O O O B-Symptom O
O O O O O O B-Symptom I-Symptom O
O O O O O B-Symptom I-Symptom I-Symptom I-Symptom O O O O O O O O O
O O O O O O O
O O O O B-Symptom I-Symptom O
O O O O O
O O O O O O O B-Symptom I-Symptom O O O O O O O
O O O O
O O O O O O O O B-Symptom O O O O O O O O O
O O O O
O O O O B-Symptom I-Symptom I-Symptom O O
O O O O O O O O
O O O O O B-Symptom O
O O O O B-Symptom I-Symptom I-Symptom O
O O O O O O O O
O O O O O O O B-Symptom I-Symptom I-Symptom O O O O O O O O O O O
O O O O O B-Symptom I-Symptom O O
O O O O O
O O O O B-Symptom O
O O O O O O O O
O O O O O B-Symptom I-Symptom O
O O O O O O B-Symptom I-Symptom O
O O O O B-Symptom I-Symptom O O
O O O O O O O O
O O O O O B-Symptom I-Symptom O O O O O O O O O
O O O O
O O O O O B-Symptom O
O O O O O O O B-Symptom O
O O O O O O B-Symptom I-Symptom I-Symptom O
O O O O O O O O
O O O O O O B-Symptom O
O O O O O O O O O
O O O B-Symptom O
O O O O O O O O
O O O O O O B-Symptom I-Symptom I-Symptom O O O O O O O
O O O O O O O O
O O O O O B-Symptom I-Symptom I-Symptom O
O O O O O B-Symptom I-Symptom I-Symptom O
O O O O O O O B-Symptom I-Symptom I-Symptom I-Symptom O
O O O O O B-Symptom I-Symptom O
O O O O
O O O O O O O B-Symptom I-Symptom I-Symptom O
O O O O O O O O
O O O O O O B-Symptom I-Symptom I-Symptom O
O O O O O B-Symptom O O
O O O O O O O O
O O O O O B-Symptom I-Symptom O O O O O O O O O
O O O O
O O O B-Symptom O
O O O O O O O O O
O O O O O B-Symptom I-Symptom O
O O O O O O O B-Symptom I-Symptom I-Symptom O O O O O O
O O O O
O O O O O B-Symptom I-Symptom O
O O O O O O B-Symptom I-Symptom I-Symptom I-Symptom O
O O O O O
O O O O O B-Symptom I-Symptom I-Symptom O
O O O O O O O O
O O O O O O O O O
O O O O O O O B-Symptom I-Symptom O
O O O O
O O O O
O O O O O B-Symptom I-Symptom I-Symptom O
O O O O O O O O
O O O O O B-Symptom I-Symptom O O
O O O O O O B-Symptom O
O O O O O B-Symptom I-Symptom I-Symptom O O O O O O O O O O
O O O O O O O
O O O O B-Symptom I-Symptom I-Symptom O
O O O O O O O B-Symptom O
O O O O O B-Symptom O
O O O O O O B-Symptom I-Symptom O
O O O O
O O O O B-Symptom O
O O O O O
O O O B-Symptom O
O O O O O O B-Symptom I-Symptom I-Symptom O
O O O O O O O B-Symptom I-Symptom I-Symptom O O O O O O O
O O O O O B-Symptom I-Symptom O O
O O O O O O O O
O O O O O B-Symptom I-Symptom I-Symptom O O O O O O O O O
O O O O O
O O O O O O O B-Symptom I-Symptom I-Symptom O
O O O O
O O O O O B-Symptom I-Symptom O
O O O O O O
O O O O O B-Symptom O O O O O O O
O O O B-Symptom O
O O O O O O O B-Symptom I-Symptom I-Symptom O
O O O O O O O O
O O O O B-Symptom O
O O O O
O O O O O O B-Symptom O
O O O O O O O
O O O O O O O O
O O O O O O O O B-Symptom I-Symptom O
O O O O O B-Symptom I-Symptom I-Symptom O O O O O O O O O
O O O O O O O B-Symptom O
O O O O O B-Symptom I-Symptom I-Symptom I-Symptom O O
O O O O O O B-Symptom O O O O O O O
O O O O O O O
O O O B-Symptom O
O O O O O B-Symptom O
O O O O O B-Symptom I-Symptom I-Symptom O
O O O O
O O O O O O O O B-Symptom O
O O O O O B-Symptom I-Symptom O
O O O O
O O O O B-Symptom I-Symptom I-Symptom I-Symptom O
O O O O O O O
O O O O O O O O
O O O O O B-Symptom O O O O O O
O O O O O B-Symptom I-Symptom O
O O O B-Symptom O
O O O O
O O O O O O B-Symptom I-Symptom O
O O O O O O O O
O O O O O B-Symptom I-Symptom O
O O O O B-Symptom O O
O O O O O O B-Symptom I-Symptom I-Symptom I-Symptom I-Symptom O O O O O O O O O
O O O O
O O O O O O O O
O O O O O O B-Symptom O
O O O O O
O O O O O B-Symptom I-Symptom I-Symptom O
O O O O O O O O
O O O O O B-Symptom O O
O O O O O O O O B-Symptom .
O O O O B-Symptom O
O O O O O B-Symptom I-Symptom I-Symptom O
O O O O O O B-Symptom I-Symptom O O O O O O O O O
O O O O O O O B-Symptom I-Symptom I-Symptom O
O O O
O O O O O
O O O O O O O O
O O O O O O O O B-Symptom O
O O O O O B-Symptom I-Symptom I-Symptom I-Symptom O
O O O O B-Symptom I-Symptom O
O O O O O O O B-Symptom I-Symptom O
O O O O
O O O O O O O O
O O O O O B-Symptom I-Symptom O
O O O O O B-Symptom I-Symptom O
O O O O O O O
O O O O O O B-Symptom I-Symptom O
O O O O O O
O O O O B-Symptom I-Symptom O
O O O O O O O O
O O O O O O O B-Symptom I-Symptom O
O O O O O O O B-Symptom O
O O O O
O O O O O O O
O O O B-Symptom O
O O O O B-Symptom I-Symptom O O O O O O O
O O O O O O O O
O O O O O B-Symptom I-Symptom I-Symptom O
O O O O O B-Symptom I-Symptom I-Symptom O
O O O O
O O O B-Symptom O
O O O O O O B-Symptom O
O O O O
O O O O O O O O B-Symptom I-Symptom I-Symptom O O O O O O O O O
O O O O O O O
O O O O B-Symptom O
O O O B-Symptom O
O O O O O O O O
O O O O O O O B-Symptom I-Symptom I-Symptom O
O O O O O
O O O O Symptom I-Symptom I-Symptom O
O O O O O O O O
O O O O O O O
O O O O O B-Symptom I-Symptom O O O O O O O O O
O O O B-Symptom O
O O O B-Symptom O
O O O
O O O O
O O O O O O O B-Symptom I-Symptom I-Symptom O O O O O O O
O O O O O O O O
O O O O B-Symptom I-Symptom I-Symptom I-Symptom O
O O O O O O O
O O O O O O B-Symptom I-Symptom O O O O O O O
O O O O O O O B-Symptom O O O O O O O O O
O O O B-Symptom O
O O O O O O B-Symptom I-Symptom O
O O O O O O O
O O O O O B-Symptom I-Symptom I-Symptom I-Symptom O
O O O O O O O O
O O O O O O O O
O O O O B-Symptom I-Symptom O O
O O O O O B-Symptom O
O O O O B-Symptom I-Symptom I-Symptom O
O O O B-Symptom O
O O O O O O O B-Symptom I-Symptom O
O O O O O O O O
O O O O B-Symptom I-Symptom O
O O O O
O O O O O O O B-Symptom I-Symptom I-Symptom O
O O O O O O O
O O O O O B-Symptom I-Symptom O
O O O O O O O O
O O O O B-Symptom I-Symptom O
O O O O
O O O O B-Symptom I-Symptom O O
O O O O O O O O B-Symptom I-Symptom O
O O O B-Symptom O
O O O O O B-Symptom O
O O O O O O B-Symptom I-Symptom O
O O O O B-Symptom I-Symptom O
O O O O O O O O
O O O O O O O B-Symptom I-Symptom I-Symptom O
O O O O
O O O B-Symptom O O O O O O O O O O
O O O O
O O O O O O O O
O O O O O B-Symptom I-Symptom O
O O O O O O B-Symptom I-Symptom O
O O O O O
O O O B-Symptom O
O O O O O B-Symptom O
O O O B-Symptom O
O O O O 
O O O O O O B-Symptom I-Symptom O O O O O O O O O O O O
O O O O O O O
O O O O O B-Symptom I-Symptom I-Symptom O
O O O O O B-Symptom I-Symptom I-Symptom I-Symptom O
O O O O O O O B-Symptom I-Symptom O
O O O O B-Symptom I-Symptom O
O O O O O O O
O O O O O B-Symptom I-Symptom O
O O O O O O B-Symptom I-Symptom O O
O O O O O O O B-Symptom O
O O O O B-Symptom I-Symptom I-Symptom O
O O O O O B-Symptom O
O O O O O B-Symptom I-Symptom O
O O O O
O O O O B-Symptom I-Symptom I-Symptom O
O O O O O O O O
O O O O O O B-Symptom I-Symptom I-Symptom O O O O O O O
O O O O O O
O O O B-Symptom O
O O O O B-Symptom O
O O O O O O B-Symptom O O O O O O O
O O O B-Symptom O O O O O O O O O
O O O B-Symptom O
O O
O O O O O O B-Symptom I-Symptom I-Symptom O O O O O O O O O
O O O B-Symptom O
O O O O O B-Symptom O
O O O O
O O O O O O B-Symptom I-Symptom O
O O O O O O O
O O O O O O O O B-Symptom I-Symptom O
O O O O O B-Symptom I-Symptom I-Symptom O
O O O O O O B-Symptom O
O O O O O B-Symptom I-Symptom I-Symptom O
O O O O B-Symptom O
O O O O O O O O
O O O O O B-Symptom I-Symptom I-Symptom I-Symptom I-Symptom O
O O O O
O O O O O O B-Symptom I-Symptom O
O O O O O O O B-Symptom I-Symptom O
O O O O O O O O
O O O O O B-Symptom I-Symptom O
O O O O B-Symptom O
O O O O O B-Symptom I-Symptom O
O O O O
O O O O O O O B-Symptom O O O O O O O
O O O O
O O O O O B-Symptom I-Symptom I-Symptom O
O O O O O O O B-Symptom I-Symptom O
O O O O B-Symptom I-Symptom O
O O O O O O O O
O O O O O B-Symptom I-Symptom I-Symptom O
O O O
O O O O O O O B-Symptom I-Symptom I-Symptom O
O O O O O O O O
O O O O O B-Symptom I-Symptom I-Symptom I-Symptom O
O O O O O O
O O O O B-Symptom I-Symptom O O
O O B-Symptom I-Symptom I-Symptom I-Symptom O
O O O O B-Symptom I-Symptom I-Symptom I-Symptom I-Symptom O
O O O O O B-Symptom I-Symptom O
O O O
O O O O O O B-Symptom I-Symptom I-Symptom I-Symptom I-Symptom O
O O O O O
O O O O O O B-Symptom O O O O O O O O O
O O O O B-Symptom I-Symptom O
O O O O
O O O O O B-Symptom I-Symptom I-Symptom O
O O O O O B-Symptom I-Symptom I-Symptom O
O O O O B-Symptom I-Symptom I-Symptom O
O O O O B-Symptom O O
O O O O O O O O
O O O O B-Symptom O
O O O O
O O O O O O B-Symptom I-Symptom I-Symptom O
O O O O B-Symptom O
O O O O O B-Symptom I-Symptom I-Symptom O
O O O O O O O O
O O O O O B-Symptom I-Symptom I-Symptom O
O O O O O O O B-Symptom O
O O O O O O O
O O O O O O O O
O O O O
O O O O O B-Symptom I-Symptom I-Symptom I-Symptom O
O O O O O B-Symptom I-Symptom O
O O O O B-Symptom O O O O O O O
O O O O O O 
O O O O
O O O O O O B-Symptom I-Symptom O
O O O O O B-Symptom I-Symptom I-Symptom O
O O O B-Symptom O
O O O B-Symptom O
O O O O O B-Symptom O O
O O O O B-Symptom O
O O O O
O O O O O O O B-Symptom I-Symptom I-Symptom O
O O O O O
O O O O O B-Symptom O
O O O B-Symptom O
O O O O O O O O O
O O O O O O B-Symptom I-Symptom I-Symptom I-Symptom O
O O O O O O O
O O O O O B-Symptom I-Symptom I-Symptom O
O O O O O B-Symptom O O O O O O O
O O O O
O O O O B-Symptom O
O O O O O O B-Symptom I-Symptom aI-Symptom O
O O O O O B-Symptom O
O O O O O O B-Symptom I-Symptom O
O O O
O O O O O
O O O O O O B-Symptom I-Symptom O
O O O O O O B-Symptom I-Symptom O
O O O
O O O O B-Symptom O
O O O O O
O O O O O O B-Symptom I-Symptom O
O O O O O O O
O O O O O O O O
O O O O B-Symptom I-Symptom I-Symptom I-Symptom O
O O O O O O B-Symptom I-Symptom I-Symptom I-Symptom O
O O O
O O O O O B-Symptom I-Symptom O
O O O O O O B-Symptom I-Symptom O
O O O O O
O O O O B-Symptom I-Symptom I-Symptom O
O O O O B-Symptom I-Symptom O
O O O O O B-Symptom I-Symptom O
O O O O O O O
O O O O O O O B-Symptom I-Symptom I-Symptom O
O O O O O
O O O O O O O O
O O O B-Symptom O
O O O O O B-Symptom I-Symptom I-Symptom I-Symptom O
O O O O O B-Symptom I-Symptom O
O O O O O O O
O O O O O O B-Symptom I-Symptom O
O O O O O O B-Symptom I-Symptom O
O O O O O
O O O B-Symptom .
O O O O O O O O
O O O B-Symptom O
O O O O O O B-Symptom O
O O O O O
O O O O O O B-Symptom I-Symptom I-Symptom O
O O O B-Symptom O
O O O O O B-Symptom I-Symptom I-Symptom O
O O O O O O B-Symptom I-Symptom O
O O O O B-Symptom O
O O O B-Symptom O
O O O O O B-Symptom O
O O O O O O
O O O B-Symptom O
O O O O O O B-Symptom I-Symptom I-Symptom O
O O O O O O B-Symptom I-Symptom I-Symptom O
O O O O O B-Symptom I-Symptom O
O O O O O
O O O O O B-Symptom I-Symptom I-Symptom I-Symptom O
O O O O O O O O
O O O O
O O O O O O B-Symptom I-Symptom I-Symptom O
O O O O O O B-Symptom I-Symptom O
O O O O O B-Symptom I-Symptom O
O O O O
O O O O
O O O O O O O O
O O O O O O O B-Symptom I-Symptom O
O O O O O O O O
O O O O O O B-Symptom I-Symptom O
O O O O O
O O O O O
O O O O O B-Symptom I-Symptom I-Symptom O
O O O O O O O
O O O O O B-Symptom O
O O O O O O O O
O O O O O O O B-Symptom I-Symptom O
O O O
O O O O B-Symptom O
O O O O O O O O
O O O O B-Symptom O
O O O B-Symptom O
O O O O O O B-Symptom I-Symptom O
O O O O O O O
O O O
O O O O O O O O O B-Symptom O
O O O B-Symptom O
O O O O O
O O O O O O B-Symptom I-Symptom I-Symptom I-Symptom O
O O O O O
O O O O O O O B-Symptom O
O O O O O O O O
O O O O O O B-Symptom I-Symptom I-Symptom O
O O O O O O O O
O O O O O O O O
O O O O
O O O B-Symptom O
O O O B-Symptom O
O O O O O B-Symptom I-Symptom O
O O O O O O B-Symptom O
O O O O O B-Symptom I-Symptom O
O O O
O O O O O B-Symptom O
O O O O O O O
O O O O O O B-Symptom I-Symptom I-Symptom O
O O O B-Symptom O
O O O O B-Symptom I-Symptom O
O O O B-Symptom O
O O O O O O O
O O O O O O B-Symptom I-Symptom O
O O O O O O O O O
O O O O O O O
O O O
O O O O O B-Symptom O
O O O O O
O O O O B-Symptom I-Symptom O
O O O B-Symptom O
O O O O O B-Symptom O
O O O O B-Symptom I-Symptom O
O O O B-Symptom O
O O O
O O O O O O B-Symptom O
O O O O B-Symptom I-Symptom I-Symptom O
O O O O
O O O O O
O O O O O O B-Symptom O
O O O B-Symptom O
O O O O
O O O O O B-Symptom I-Symptom I-Symptom O
O O O O B-Symptom O
O O O O
O O O B-Symptom O
O O O O O O O B-Symptom I-Symptom I-Symptom I-Symptom O
O O O O O O B-Symptom I-Symptom I-Symptom O
O O O O
O O O O O O B-Symptom I-Symptom O
O O O O
O O O O O O O O B-Symptom I-Symptom O
O O O O O B-Symptom O
O O O O
O O O O O O O B-Symptom I-Symptom O
O O O O O O O B-Symptom O
O O O O
O O O O O O O O B-Symptom O
O O O O O O B-Symptom I-Symptom I-Symptom I-Symptom O
O O O O O O B-Symptom I-Symptom O 
O O O O O O B-Symptom I-Symptom I-Symptom O
O O O O O B-Symptom I-Symptom O
O O O O O
O O O O O
O O O O O B-Symptom I-Symptom O
O O O O
O O O O O O B-Symptom I-Symptom O
O O O O O O O
O O O O
O O O B-Symptom O
O O O O O B-Symptom O
O O O O O
O O O O O B-Symptom I-Symptom I-Symptom O
O O O B-Symptom O
O O O O O O B-Symptom O
O O O O O O B-Symptom I-Symptom O
O O O O
O O O O O O O O O B-Symptom O
O O O O O O B-Symptom I-Symptom O
O O O O O O O
O O O O O O B-Symptom I-Symptom I-Symptom O
O O O O B-Symptom O
O O O O O O O
O O O O O B-Symptom I-Symptom I-Symptom I-Symptom I-Symptom O
O O O O O O B-Symptom O
O O O O
O O O O O O B-Symptom I-Symptom I-Symptom I-Symptom O
O O O B-Symptom O
O O O O
O O O B-Symptom O
O O O O
O O O O O O B-Symptom I-Symptom O
O O O B-Symptom O
O O O O O B-Symptom I-Symptom O
O O O O
O O O B-Symptom O
O O O
O O O O O O B-Symptom I-Symptom I-Symptom O
O O O O O O O B-Symptom I-Symptom O
O O O O B-Symptom I-Symptom I-Symptom O
O O O O O B-Symptom I-Symptom O
O O O O O O O O O O
O O O O
O O O O
O O O O O O B-Symptom I-Symptom O
O O O O O B-Symptom I-Symptom I-Symptom I-Symptom O
O O O O
O O O O O O O O
O O O O O O B-Symptom I-Symptom I-Symptom O
O O O O
O O O O O O O B-Symptom I-Symptom O
O O O O O O B-Symptom I-Symptom O
O O O O O O B-Symptom I-Symptom I-Symptom I-Symptom I-Symptom O
O O O O O O O O
O O O O O
O O O O O B-Symptom I-Symptom O
O O O O O B-Symptom I-Symptom O
O O O O
O O O O B-Symptom O
O O O O B-Symptom O O
O O O O
O O O O O B-Symptom I-Symptom O
O O O O O O O O
O O O O O
O O O O O B-Symptom I-Symptom I-Symptom O
O O O O O O B-Symptom I-Symptom I-Symptom I-Symptom O
O O O O O B-Symptom O
O O O O O O O
O O O O O O B-Symptom I-Symptom O
O O O O O O B-Symptom I-Symptom O
O O O B-Symptom O
O O O O O O B-Symptom O
O O O O O B-Symptom I-Symptom O
O O O O O O O
O O O O B-Symptom O
O O O O O O B-Symptom I-Symptom O
O O O O B-Symptom I-Symptom O
O O O O O B-Symptom O
O O O O O O B-Symptom O
O O O O
O O O O O B-Symptom O
O O O O O O O B-Symptom O
O O O O O O B-SYmptom O
O O O O O O O
O O O O O O B-Symptom I-Symptom I-Symptom I-Symptom O
O O O O O B-Symptom I-Symptom O
O O O O O B-Symptom I-Symptom O
O O O O B-Symptom I-Symptom I-Symptom O
O O O O O O
O O O O O O B-Symptom I-Symptom O
O O O O O
O O O O
O O O O O O B-Symptom I-Symptom O
O O O O O B-Symptom I-Symptom I-Symptom O
O O O O O B-Symptom I-Symptom I-Symptom O
O O O B-Symptom O
O O O O O B-Symptom I-Symptom I-Symptom O
O O O O
O O O O O O B-Symptom I-Symptom O
O O O O O O O B-Symptom O
O O O O O O B-Symptom I-Symptom O
O O O O O O O O
O O O O O O B-Symptom I-Symptom O
O O O O O B-Symptom I-Symptom I-Symptom O
O O O O
O O O O O B-Symptom O
O O O O O O O B-Symptom I-Symptom I-Symptom O
O O O O O B-Symptom O
O O O O O
O O O O O B-Symptom O
O O O O O B-Symptom O
O O O O O O B-Symptom I-Symptom O
O O O O O O O O
O O O O O O B-Symptom I-Symptom O
O O O O O B-Symptom I-Symptom O
O O O O O B-Symptom I-Symptom I-Symptom I-Symptom O
O O O O O O O B-Symptom I-Symptom I-Symptom I-Symptom O
O O O O
O O O O O
O O O O O O B-Symptom O
O O O O O O B-Symptom I-Symptom O
O O O O
O O O O O O O B-Symptom I-Symptom O
O O O O
O O O O O B-Symptom I-Symptom I-Symptom I-Symptom O
O O O O
O O O O O O O B-Symptom O
O O O O
O O O O O
O O O O O O B-Symptom O
O O O O O B-Symptom I-Symptom O
O O O O O O O B-Symptom O
O O O O O O O B-Symptom O
O O O O O O O O O O B-Symptom O
O O O O O
O O O O O B-Symptom I-Symptom O
O O O O O B-Symptom I-Symptom O
O O O O O O
O O O O O O B-Symptom I-Symptom I-Symptom O
O O O O O B-Symptom I-Symptom I-Symptom O
O O O O
O O O O O O B-Symptom I-Symptom O
O O O O O B-Symptom I-Symptom O
O O O O O B-Symptom O
O O O O
O O O O O B-Symptom I-Symptom I-Symptom I-Symptom O
O O O O O B-Symptom I-Symptom I-Symptom I-Symptom O
O O O O O
O O O O O B-Symptom O
O O O O O B-Symptom I-Symptom I-Symptom O
O O O O
O O O O O O B-Symptom I-Symptom O
O O O O O O
O O O O
O O O O O B-Symptom I-Symptom O
O O O O O B-Symptom I-Symptom I-Symptom O
O O O O O O B-Symptom O
O O O O O O B-Symptom I-Symptom O
O O O O O B-Symptom I-Symptom O
O O O O O O O O
O O O O O B-Symptom I-Symptom I-Symptom O
O O O O O O B-Symptom I-Symptom O
O O O O O O B-Symptom O
O O O O O O B-Symptom O
O O O O O O O B-Symptom I-Symptom I-Symptom O
O O O O O B-Symptom I-Symptom O
O O O O O O B-Symptom I-Symptom O
O O O O
O O O O O O B-Symptom I-Symptom I-Symptom O
O O O O O B-Symptom I-Symptom I-Symptom O
O O O O B-Symptom O O O O O O O
O O O O B-Symptom I-Symptom O
O O O O
O O O B-Symptom O
O O O O O B-Symptom O
O O O O
O O O O O O B-Symptom I-Symptom I-Symptom O
O O O O
O O O O O B-Symptom I-Symptom O O
O O O O B-Symptom I-Symptom I-Symptom O
O O O O O O B-Symptom O
O O O O O B-Symptom O O
O O O O O O B-Symptom O
O O O O O
O O O O
O O O O O O B-Symptom O
O O O O O O
O O O O O O B-Symptom O
O O O O O B-Symptom I-Symptom I-Symptom O
O O O O O B-Symptom I-Symptom O
O O O O O O O B-Symptom O
O O O O O B-Symptom I-Symptom I-Symptom O
O O O O
O O O O O B-Symptom I-Symptom I-Symptom I-Symptom O
O O O O
O O O O O B-Symptom I-Symptom O
O O O B-Symptom I-Symptom I-Symptom O
O O O O O O B-Symptom O O
O O O O O O O B-Symptom O
O O O O O B-Symptom O
O O O O
O O O O B-Symptom O O O O
O O O O O O O O
O O O O O B-Symptom I-Symptom O
O O O 
O O O O O O B-Symptom I-Symptom I-Symptom I-Symptom O
O O O O O O O B-Symptom O
O O O O O O B-Symptom I-Symptom O
O O O O B-Symptom O
O O O
O O O O O B-Symptom I-Symptom I-Symptom O
O O O O
O O O O O B-Symptom I-Symptom I-Symptom I-Symptom O
O O O O O B-Symptom I-Symptom I-Symptom O
O O O O
O O O O O O O O B-Symptom I-Symptom O O O O O O O 
O O O O O O O B-Symptom I-Symptom O O O O O O O O O
O O O
O O O O O B-Symptom I-Symptom O O
O O O O B-Symptom I-Symptom I-Symptom O
O O O O O
O O O O O O B-Symptom I-Symptom O
O O O O B-Symptom I-Symptom I-Symptom O
O O O O O B-Symptom I-Symptom O
O O O B-Symptom O
O O O O O O O
O O O O B-Symptom O
O O O O O
O O O O O O B-Symptom I-Symptom O
O O O O B-Symptom O
O O O O
O O O O O O O O B-Symptom O O O O O O O
O O O O O O O B-Symptom O
O O O O
O O O O O B-Symptom I-Symptom I-Symptom O
O O O O
O O O O B-Symptom I-Symptom O
O O O O O O B-Symptom I-Symptom I-Symptom O
O O O O O O B-Symptom I-Symptom O O O O O O O O O
O O O O O O B-Symptom O
O O O O O O O O
O O O O O B-Symptom I-Symptom I-Symptom O
O O O O O O B-Symptom I-Symptom I-Symptom I-Symptom O
O O O O O O B-Symptom I-Symptom O
O O O O
O O O O O B-Symptom I-Symptom I-Symptom I-Symptom O
O O O O B-Symptom I-Symptom I-Symptom O
O O O O O
O O O O O O B-Symptom O
O O O O O B-Symptom I-Symptom O
O O O O
O O O O B-Symptom I-Symptom O O
O O O O B-Symptom I-Symptom I-Symptom I-Symptom I-Symptom I-Symptom I-Symptom O O O O O O O
O O O B-Symptom O
O O O O O B-Symptom I-Symptom O
O O O O O O
O O O O O B-Symptom I-Symptom I-Symptom O
O O O O O O O
O O O O O O B-Symptom I-Symptom I-Symptom O
O O O O O O B-Symptom O O O O O O O O O
O O O O O B-Symptom I-Symptom I-Symptom O
O O O O O O B-Symptom I-Symptom O
O O O B-Symptom O
O O O O O O O O B-Symptom o
O O O O O O O
O O O B-Symptom O
O O O O O O O O
O O O O B-Symptom O O O O O O O O
O O O O
O O O O
O O O O B-Symptom O
O O O O O B-Symptom O
O O O O O
O O O O O B-Symptom O
O O O O B-Symptom I-Symptom O
O O O O O O B-Symptom I-Symptom I-Symptom I-Symptom O
O O O O B-Symptom I-Symptom O
O O O O
O O O O O O B-Symptom O
O O O
O O O B-Symptom O
O O O O O O O B-Symptom I-Symptom O O O O O O O
O O O O O
O O O O O B-Symptom I-Symptom I-Symptom O
O O O O O B-Symptom I-Symptom O
O O O O O O
O O O O O B-Symptom I-Symptom O
O O O O B-Symptom O
O O O O O O O O B-Symptom I-Symptom O
O O O O
O O O O B-Symptom I-Symptom O
O O O O O O B-Symptom I-Symptom I-Symptom O O O O O O O
O O O O O O B-Symptom I-Symptom I-Symptom O O O O O O O O O
O O O O O O B-Symptom I-Symptom I-Symptom O
O O O B-Symptom O
O O O O O O O
O O O O
O O O O O O B-Symptom O
O O O O O O B-Symptom I-Symptom O O O O O O O
O O O O O O O B-Symptom O
O O O O
O O O O O O O O
O O O O O O B-Symptom O
O O O B-Symptom O
O O O O O B-Symptom I-Symptom O
O O O O O O B-Symptom I-Symptom I-Symptom O
O O O O O O B-Symptom I-Symptom I-Symptom I-Symptom O
O O O O
O O O O O B-Symptom I-Symptom O O O O O O O
O O O O O O O
O O O O O O B-Symptom O O O O O O O O O
O O O O B-Symptom I-Symptom O
O O O O B-Symptom I-Symptom O
O O O O O B-Symptom I-Symptom I-Symptom O
O O O O O O
O O O O O B-Symptom I-Symptom I-Symptom O
O O O O O O B-Symptom I-Symptom O
O O O O
O O O O O B-Symptom I-Symptom O
O O O O B-Symptom I-Symptom O
O O O O
O O O O O B-Symptom I-Symptom O
O O O O O B-Symptom O
O O O O O O O
O O O O
O O O O
O O O O O O B-Symptom I-Symptom O
O O O O B-Symptom I-Symptom O
O O O O O
O O O O O O O O
O O O O O O B-Symptom O
O O O O
O O O B-Symptom O
O O O O O O B-Symptom O O
O O O O B-Symptom O
O O O O B-Symptom I-Symptom I-Symptom O
O O O O O O B-Symptom I-Symptom I-Symptom O
O O O O O O O B-Symptom I-Symptom O
O O O O O O
O O O O
O O O O O O B-Symptom I-Symptom I-Symptom O
O O O O O O B-Symptom O
O O O O B-Symptom I-Symptom I-Symptom I-Symptom O
O O O O
O O O O O O O B-Symptom O O O O O O O O O
O O O O O O B-Symptom I-Symptom O
O O O O O O B-Symptom O
O O O O
O O O O O B-Symptom I-Symptom I-Symptom I-Symptom O
O O O O O O B-Symptom I-Symptom O
O O O O O O B-Symptom I-Symptom I-Symptom O
O O O O O O B-Symptom I-Symptom O O O O O O O O O
O O O O O
O O O O O O B-Symptom I-Symptom I-Symptom O
O O O O O B-Symptom O O
O O O O
O O O O O O
O O O O O O B-Symptom I-Symptom O
O O O O O O B-Symptom I-Symptom I-Symptom I-Symptom I-Symptom O
O O O O B-Symptom I-Symptom I-Symptom O
O O O O O B-Symptom I-Symptom I-Symptom I-Symptom O
O O O O O O O
O O O O
O O O O O O
O O O O O B-Symptom I-Symptom O
O O O O O O B-Symptom I-Symptom I-Symptom I-Symptom O
O O O B-Symptom O
O O O O O
O O O O O O O O
O O O O O B-Symptom I-Symptom I-Symptom I-Symptom O
O O O O B-Symptom I-Symptom O O
O O O O O O
O O O O
O O O O O O B-Symptom I-Symptom O
O O O O O O O B-Symptom I-Symptom O O O O O O O
O O O O O B-SYmptom I-Symptom I-Symptom I-Symptom O
O O O O O O B-Symptom I-Symptom O O O O O O O O O
O O O O O B-Symptom I-Symptom O
O O O O B-Symptom I-Symptom I-Symptom O
O O O O O O O
O O O O O O B-Symptom I-Symptom O
O O O O
O O O O O B-Symptom O
O O O O B-Symptom O
O O O O O O O B-Symptom O
O O O O B-Symptom O O
O O O B-Symptom O
O O O O O O B-Symptom I-Symptom O O O O O O O
O O O O
O O O O
O O O O B-Symptom I-Symptom I-Symptom O
O O O O
O O O O B-Symptom I-Symptom I-Symptom O
O O O O O B-Symptom O
O O O O O O B-Symptom I-Symptom O
O O O O O O
O O O O B-Symptom O
O O O O B-Symptom I-Symptom I-Symptom O
O O O O O O B-Symptom I-Symptom I-Symptom O
O O O O O
O O O O O O O O
O O O O B-Symptom I-Symptom I-Symptom O
O O O O O O O B-Symptom I-Symptom O
O O O O O B-Symptom O
O O O O
O O O O O B-Symptom I-Symptom I-Symptom O
O O O O
O O O O O B-Symptom I-Symptom O
O O O O O O B-Symptom I-Symptom I-Symptom O
O O O O O B-Symptom I-Symptom I-Symptom I-Symptom O
O O O O O O
O O O O O O O O
O O O O B-Symptom I-Symptom O O
O O O O B-Symptom O O O O O O O
O O O O O O O O B-Symptom O
O O O O O O O
O O O O O O B-Symptom O
O O O
O O O O O B-Symptom I-Symptom I-Symptom O
O O O O O O
O O O O O O O
O O O O O O O B-Symptom O
O O O O O O O
O O O O O O O O
O O O O O B-Symptom O
O O O O B-Symptom I-Symptom I-Symptom I-Symptom I-Symptom O
O O O O B-Symptom I-Symptom O
O O O O O B-Symptom O
O O O B-Symptom O
O O O O
O O O O O O B-Symptom O
O O O O O O
O O O O O B-Symptom O O
O O O O O O B-Symptom I-Symptom I-Symptom O 
O O O O B-Symptom O
O O O O O B-Symptom I-Symptom I-Symptom O
O O O O O O
O O O O O O B-Symptom O 
O O O O B-Symptom O
O O O O O O B-Symptom I-Symptom O
O O O O B-Symptom I-Symptom I-Symptom O
O O O O
O O O O O B-Symptom I-Symptom O
O O O O O O
O O O O O B-Symptom I-Symptom O
O O O
O O O O
O O O B-Symptom O
O O O O O O B-Symptom O O
O O O O
O O O O O O O B-Symptom I-Symptom O
O O O O O O O O
O O O O O O B-Symptom O
O O O O O O B-Symptom O O O O O O O
O O O O
O O O O O B-Symptom I-Symptom I-Symptom I-Symptom O
O O O O O O O O B-Symptom I-Symptom O
O O O O O O
O O O O O O O
O O O O O O B-Symptom O
O O O O O O O B-Symptom I-Symptom I-Symptom O
O O O O
O O O O O O O B-Symptom I-Symptom O O O O O O O O O
O O O O O B-Symptom I-Symptom I-Symptom O
O O O O O O B-Symptom O
O O O O O O O B-Symptom I-Symptom I-Symptom O
O O O O
O O O O O B-Symptom I-Symptom I-Symptom O
O O O O
O O O O O
O O O O O B-Symptom I-Symptom O
O O O O O B-Symptom I-Symptom O
O O O O O O
O O O O O O O O
O O O O O O B-Symptom O O
O O O O O B-Symptom I-Symptom I-Symptom O
O O O O O O B-Symptom I-Symptom I-Symptom I-Symptom O
O O O O O B-Symptom I-Symptom O
O O O O O O
O O O B-Symptom O
O O O O O O O O O O B-Symptom O
O O O O O O B-Symptom O O O O O O O O O
O O O O O B-Symptom I-Symptom O
O O O O O O B-Symptom O O
O O O O O O O B-Symptom I-Symptom O
O O O O O O B-Symptom I-Symptom O
O O O O O B-Symptom I-Symptom I-Symptom O
O O O O O O O
O O O O O B-Symptom I-Symptom I-Symptom O
O O O O O O
O O O O B-Symptom I-Symptom I-Symptom O 
O O O O
O O O O O O O B-Symptom O
O O O O
O O O O O O B-Symptom I-Symptom I-Symptom O
O O O O
O O O O O O B-Symptom I-Symptom O O 
O O O O O O O B-Symptom I-Symptom I-Symptom O
O O O O O O B-Symptom O
O O O O O O O B-Symptom O O O O O O O
O O O O B-Symptom O O O O O O O O O
O O O O O O O
O O O O O O O B-Symptom O O O O O O O
O O O O B-Symptom O
O O O O O O B-Symptom I-Symptom I-Symptom O
O O O O O O
O O O O O B-Symptom I-Symptom O
O O O B-Symptom O
O O O O O O O
O O O O B-Symptom O
O O O O O
O O O O O O B-Symptom I-Symptom O
O O O O O O B-Symptom I-Symptom I-Symptom O
O O O O
O O O O O O
O O O O B-Symptom I-Symptom O
O O O O B-Symptom  O O
O O O O O B-Symptom I-Symptom I-Symptom O
O O O O
O O O O O B-Symptom I-Symptom O
O O O O O B-Symptom I-Symptom I-Symptom O
O O O O O O O B-Symptom O
O O O O O O O O O O O O B-Symptom O
O O O O O O O O O
O O O O O O B-Symptom I-Symptom O
O O O O O O B-Symptom O O O O O O O O O
O O O O O O O
O O O O O B-Symptom O
O O O O O B-Symptom I-Symptom I-Symptom O
O O O O O O B-Symptom I-Symptom I-Symptom O
O O O O O O
O O O O O B-Symptom I-Symptom I-Symptom O
O O O O O O O B-Symptom I-Symptom I-Symptom O O O O O O O
O O O O O O O O B-Symptom O O O O O O O O O
O O O O B-Symptom I-Symptom I-Symptom O
O O O O
O O O B-Symptom O
O O O O O O B-Symptom I-Symptom O
O O O O O B-Symptom I-Symptom I-Symptom I-Symptom O
O O O O O
O O O B-Symptom O
O O O O O O B-Symptom I-Symptom O
O O O B-Symptom O
O O O B-Symptom O
O O O O O O
O O O O O O B-Symptom I-Symptom I-Symptom O
O O O O O O B-Symptom I-Symptom I-Symptom O
O O O
O O O O O B-Symptom O
O O O O O O B-Symptom I-Symptom I-Symptom I-Symptom I-Symptom O
O O O B-Symptom O
O O O O O O B-Symptom O
O O O O O
O O O O O B-Symptom I-Symptom I-Symptom O
O O O O O B-Symptom I-Symptom O
O O O O O O B-Symptom I-Symptom O O
O O O O B-Symptom O
O O O O B-Symptom O
O O O O O O B-Symptom I-Symptom I-Symptom O O O O O O O
O O O O
O O O O O O B-Symptom O
O O O O O O O B-Symptom I-Symptom I-Symptom I-Symptom O
O O O O O B-Symptom I-Symptom I-Symptom O
O O O B-Symptom O
O O O O O B-Symptom I-Symptom I-Symptom O O O O O O O O O
O O O O
O O O O B-Symptom I-Symptom I-Symptom I-Symptom O
O O O O O O
O O O O O B-Symptom I-Symptom O
O O O O O O B-Symptom I-Symptom O
O O O O O O B-Symptom I-Symptom O
O O O O
O O O O
O O O B-Symptom O
O O O O O B-Symptom O O
O O O O O B-Symptom I-Symptom I-Symptom I-Symptom O
O O O O O O B-Symptom I-Symptom O
O O O O B-Symptom I-Symptom O O
O O O O O O B-Symptom I-Symptom I-Symptom I-Symptom I-Symptom O O O O O O O
O O O B-Symptom O
O O O O O B-Symptom I-Symptom I-Symptom I-Symptom I-Symptom O
O O O O O O B-Symptom O
O O O O O O
O O O O O O B-Symptom O
O O O O O B-Symptom I-Symptom I-Symptom O O O O O O O
O O O O B-Symptom O O O O O O O O O
O O O O O B-Symptom I-Symptom I-Symptom O
O O O O
O O O B-Symptom O
O O O O O O B-Symptom O
O O O O O O
O O O O O O
O O O O O B-Symptom I-Symptom O
O O O O
O O O O O O B-Symptom O O O O O O O O O
O O O O
O O O O O B-Symptom I-Symptom I-Symptom O
O O O O B-Symptom I-Symptom O
O O O O O B-Symptom I-Symptom I-Symptom O O O O O O O
O O O O O B-Symptom I-Symptom O
O O O B-Symptom O
O O O B-Symptom O
O O O O O O B-Symptom O O O O O O O O O
O O O O O O B-Symptom I-Symptom O
O O O O O
O O O O O O
O O O O O B-Symptom I-Symptom O
O O O O O O B-Symptom I-Symptom I-Symptom O O
O O O O O O O B-Symptom O O O O O O O O O
O O O O B-Symptom I-Symptom I-Symptom O
O O O O O O B-Symptom I-Symptom O
O O O O O O
O O O O B-Symptom O
O O O O
O O O O O B-Symptom I-Symptom I-Symptom O
O O
O O O O O O O B-Symptom I-Symptom O
O O O O
O O O O O O B-Symptom I-Symptom O O
O O O O O O B-Symptom I-Symptom I-Symptom O O O O O O O O O
O O O O O O
O O O O O B-Symptom I-Symptom O
O O O O O B-Symptom I-Symptom I-Symptom O O O O O O O
O O O O O O B-Symptom I-Symptom O
O O O O
O O O O
O O O O O O B-Symptom O
O O O B-Symptom O
O O O O O B-Symptom O O O O O O O
O O O B-Symptom O
O O
O O O O O O
O O O O O B-Symptom I-Symptom I-Symptom O
O O O O O O
O O O O B-Symptom I-Symptom I-Symptom O
O O O O
O O O O O O O B-Symptom I-Symptom O
O O O O
O O O O O O
O O O O B-Symptom I-Symptom O
O O O O O B-Symptom I-Symptom I-Symptom O
O O O O
O O O O O O O B-Symptom I-Symptom I-Symptom O
O O O O O B-Symptom I-Symptom O
O O O O O O O O B-Symptom I-Symptom I-Symptom O
O O O O
O O O O O B-Symptom I-Symptom O
O O O O
O O O O O O
O O O O O B-Symptom I-Symptom O
O O O O O B-Symptom I-Symptom I-Symptom O
O O O O B-Symptom O
O O O B-Symptom O
O O O O
O O O O
O O O O O B-Symptom I-Symptom I-Symptom O
O O O O O O O B-Symptom O O O O O O O O O
O O O O O B-Symptom I-Symptom I-Symptom O
O O O O B-Symptom I-Symptom O
O O O O O
O O O O O B-Symptom I-Symptom O
O O O O
O O O O O O B-Symptom O
O O O 
O O O O O O O
O O O O O O B-Symptom I-Symptom O O O O O O O O O
O O O O
O O O O B-Symptom I-Symptom O
O O O O B-Symptom I-Symptom I-Symptom O
O O O O O O O B-Symptom I-Symptom I-Symptom I-Symptom O
O O O O
O O O O O O B-Symptom O O O O O O O O O
O O O O O O B-Symptom O
O O O O O O
O O O O B-Symptom O
O O O O
O O O O O O O O
O O O O O O B-Symptom I-Symptom I-Symptom I-Symptom I-Symptom O
O O O O
O O O O O O B-Symptom O
O O O O O O B-Symptom O
O O O O O O O B-Symptom I-Symptom O
O O O
O O O O
O O O O O B-Symptom I-Symptom I-Symptom O
O O O O O O B-Symptom I-Symptom I-Symptom O
O O O O
O O O O O B-Symptom I-Symptom I-Symptom I-Symptom O
O O O O B-Symptom O
O O O O O O O B-Symptom I-Symptom I-Symptom I-Symptom O
O O O O O O B-Symptom O
O O O O O O
O O O O B-Symptom I-Symptom O
O O O O
O O O O O B-Symptom I-Symptom O
O O O O O B-Symptom I-Symptom I-Symptom O
O O O O B-Symptom O
O O O O O O B-Symptom I-Symptom O
O O O O
O O O O
O O O O O O B-Symptom O
O O O O O O O O B-Symptom O
O O O O
O O O O O O O B-Symptom O
O O O O O O O O
O O O O
O O O O O B-Symptom O
O O O O O O O B-Symptom O
O O O O B-Symptom O
O O O O O O
O O O O O O B-Symptom I-Symptom O
O O O O
O O O O O O B-Symptom I-Symptom I-Symptom I-Symptom O
O O O O B-Symptom O
O O O O O B-Symptom I-Symptom O
O O O O B-Symptom I-Symptom I-Symptom O
O O O O O B-Symptom O O O O O O O
O O O O O O
O O O B-Symptom O
O O O O O O O B-Symptom I-Symptom I-Symptom I-Symptom O
O O O O O B-Symptom I-Symptom O
O O O O
O O O O B-Symptom I-Symptom O
O O O O O O B-Symptom O
O O O O O O
O O O O B-Symptom I-Symptom I-Symptom O
O O O O O O O B-Symptom I-Symptom O
O O O O O O O B-Symptom O
O O O
O O O O B-Symptom I-Symptom I-Symptom I-Symptom O
O O O O B-Symptom O
O O O O O B-Symptom I-Symptom I-Symptom O
O O O O B-Symptom O O O O O O O O O
O O O O O O O O B-Symptom O
O O O O O O
O O O O O O B-Symptom O
O O O O B-Symptom O
O O O O O O O B-Symptom I-Symptom O
O O O O B-Symptom O
O O O O O O B-Symptom I-Symptom O
O O O O B-Symptom I-Symptom I-Symptom O
O O O
O O O O
O O O O O O B-Symptom I-Symptom I-Symptom O
O O O O
O O O O B-Symptom I-Symptom O
O O O O O B-Symptom I-Symptom O
O O O O O B-Symptom I-Symptom I-Symptom O O O O O O O O O
O O O O O B-Symptom I-Symptom I-Symptom I-Symptom O
O O O O O O B-Symptom O
O O O O
O O O O O O
O O O O O B-Symptom O
O O O O O O B-Symptom I-Symptom O
O O O O
O O O O O B-Symptom I-Symptom I-Symptom O
O O O O O O B-Symptom I-Symptom I-Symptom O
O O O B-Symptom O
O O O O O B-Symptom O O O O O O O
O O O O O
O O O O O B-Symptom O
O O O O
O O O O O O B-Symptom O
O O O O
O O O O O B-Symptom I-Symptom O O O O O O O O O
O O O O B-Symptom O
O O O O O O O B-Symptom O
O O O O
O O O O O B-Symptom I-Symptom O
O O O O
O O O O O O
O O O O O O B-Symptom I-Symptom O
O O O O
O O O O O B-Symptom O O O O O O O
O O O B-Symptom O
O O O O O O O B-Symptom I-Symptom O
O O O O O O
O O O O B-SYmptom I-Symptom I-Symptom O
O O O O
O O O O O O B-Symptom I-Symptom I-Symptom I-Symptom O
O O O O O O O O
O O O O O
O O O O
O O O O O O B-Symptom O O O O O O O O O
O O O O
O O O O B-Symptom I-Symptom O O O O O O O O O O
O O O O O B-Symptom O O
O O O O O O O O B-Symptom I-Symptom O O O O O O O O O
O O O O O O O B-Symptom I-Symptom O O O O O O O
O O O O
O O O O O O B-Symptom I-Symptom O
O O O O O O B-Symptom I-Symptom I-SymptoM O O O O O O O O O 
O O O
O O O O O B-Symptom I-Symptom I-Symptom O
O O O O O O B-Symptom I-Symptom O
O O O O
O O O O O O
O O O O B-Symptom O
O O O O O B-Symptom O
O O O O O B-Symptom I-Symptom O
O O O O
O O O O O O
O O O O B-Symptom I-Symptom I-Symptom I-Symptom O
O O O O O
O O O O O O O B-Symptom I-Symptom O
O O O O O
O O O O O O O B-Symptom I-Symptom O O O O O O O O O
O O O O O O B-Symptom I-Symptom I-Symptom O
O O O O O O
O O O O O O B-Symptom I-Symptom O
O O O O B-Symptom O O O O O O O O O O
O O O O O O O B-Symptom I-Symptom I-Symptom O
O O O B-Symptom O
O O O
O O O O
O O O O O B-Symptom O
O O O O O B-Symptom I-Symptom O
O O O O O B-Symptom I-Symptom O
O O O O
O O O O O O B-Symptom I-Symptom I-Symptom O O O O O O O
O O O O O B-Symptom I-Symptom O
O O O O O O
O O O O O B-Symptom I-Symptom O
O O O O
O O O O O O B-Symptom O O O O O O O O O
O O O
O O O O O O O B-Symptom I-Symptom O O O O O O O
O O O O O O
O O O O O B-Symptom I-Symptom I-Symptom O O O O O O O O O
O O O O O O O B-Symptom I-Symptom O
O O O B-Symptom O
O O O O O O O O O O B-Symptom O
O O O O O B-Symptom O O
O O O O O B-Symptom O
O O O O
O O O O O O O B-Symptom O
O O O O B-SYmptom I-Symptom I-Symptom O
O O O O O B-Symptom O
O O O O
O O O O O O
O O O O O B-Symptom I-Symptom O
O O O O
O O O O O O B-Symptom I-Symptom I-Symptom O
O O O O O B-Symptom I-Symptom O
O O O
O O O O O O B-Symptom I-Symptom I-Symptom I-Symptom I-Symptom O
O O O
O O O O O O O B-Symptom I-Symptom I-Symptom I-Symptom O
O O O O O B-Symptom I-Symptom I-Symptom I-Symptom O 
O O O O
O O O O O O B-Symptom I-Symptom O
O O O O O O
O O O O B-Symptom I-Symptom O
O O O O O O B-Symptom I-Symptom I-Symptom O O O O O O O O O
O O O O O O B-Symptom O O O O O O O
O O O O O B-Symptom O O O O O O O O
O O O O O O B-Symptom O
O O O B-Symptom O
O O O O O O B-Symptom I-Symptom O
O O O B-Symptom O
O O O O B-Symptom O
O O O O 
O O O O
O O O O O O B-Symptom I-Symptom O
O O O O O O
O O O O O O O B-Symptom I-Symptom I-Symptom I-Symptom O
O O O O
O O O O O O
O O O O
O O O O O O O O
O O O O O O B-Symptom I-Symptom O O O O O O O O O
O O O O O O O
O O O O
O O O O
O O O B-Symptom O
O O
O O O B-Symptom O
O O O O O O B-Symptom I-Symptom I-Symptom O
O O O
O O O
O O O O O B-Symptom I-Symptom O
O O O O O O B-Symptom I-Symptom O
O O
O O
O O O O O O O O B-Symptom I-Symptom O
O O O O O
O O O O B-Symptom I-Symptom I-Symptom O
O O O B-Symptom O
O O O O O B-Symptom O
O O O O O B-Symptom I-Symptom I-Symptom I-Symptom I-Symptom O O O O O O O
O O O O
O O O O
O O O O O B-Symptom I-Symptom I-Symptom O
O O O B-Symptom O
O O O O O O O B-Symptom I-Symptom O
O O O O
O O O O O B-Symptom I-Symptom I-Symptom O
O O O O O O B-Symptom O O O O O O O O O
O O O O O O
O O O O
O O O O O O O B-Symptom I-Symptom O
O O O O O B-Symptom I-Symptom I-Symptom O
O O O O
O O O B-Symptom O
O O O O
O O O O B-Symptom O O O O O O O
O O O O O O O O
O O O O O O B-Symptom O
O O O B-Symptom O
O O O O O O O O O B-Symptom O
O O O O O O B-Symptom I-Symptom I-Symptom O O O O O O O O O
O O O O B-Symptom O
O O O O
O O O O O B-Symptom I-Symptom O
O O O O O B-Symptom O
O O O B-Symptom O
O O O O B-Symptom I-Symptom I-Symptom O
O O O O O O
O O O O
O O O O O O B-Symptom I-Symptom I-Symptom O
O O O O
O O O O O B-Symptom I-Symptom I-Symptom I-Symptom O
O O O O O O B-Symptom I-Symptom O
O O O O O O
O O O O B-Symptom I-Symptom I-Symptom O
O O O
O O O O
O O O O O B-Symptom I-Symptom I-Symptom I-Symptom O
O O O O O B-Symptom I-Symptom I-Symptom O
O O O O
O O O O O B-Symptom O O O O O O O O O
O O O O O O O B-Symptom I-Symptom I-Symptom O
O O O O
O O O O O B-SYmptom I-Symptom O
O O O O O O B-Symptom I-Symptom O
O O O O
O O O
O O O O O O B-Symptom I-Symptom O
O O O O
O O O O O O O B-Symptom I-Symptom I-Symptom O
O O O O O O
O O O O
O O O B-Symptom O
O O O O O O B-Symptom I-Symptom I-Symptom O
O O O O
O O O O O B-Symptom I-Symptom I-Symptom O
O O O O O O O B-Symptom I-Symptom O O O O O O O
O O O O O B-Symptom I-Symptom O O O O O O O O O
O O O B-Symptom O
O O O O O O O O O O B-Symptom O
O O O O O B-Symptom O
O O O O O O B-Symptom I-Symptom I-Symptom O
O O O B-Symptom O
O O O O O O B-Symptom I-Symptom I-Symptom O
O O O B-Symptom O
O O O O O O O O B-Symptom I-Symptom I-Symptom O O O O O O O O O O
O O O O O O O B-Symptom O
O O O O O O B-Symptom I-Symptom I-Symptom O
O O O O
O O O O O B-Symptom I-Symptom I-Symptom O
O O O O O B-Symptom O O O O O O O O O
O O O O
O O O O O B-Symptom I-Symptom I-Symptom I-Symptom O
O O O O
O O O O B-Symptom I-Symptom O
O O O O O O B-Symptom I-Symptom I-Symptom I-Symptom I-Symptom I-Symptom O
O O O O O B-SYmptom I-Symptom I-Symptom O O O O O O O
O O O O
O O O O O O O B-Symptom I-Symptom I-Symptom I-Symptom O O O O O O O O O
O O O O
O O O O
O O O O O B-Symptom I-Symptom I-Symptom I-Symptom O
O O O O
O O O O O B-Symptom I-Symptom O
O O O
O O O O O O O B-Symptom I-Symptom I-Symptom I-Symptom O
O O O O B-Symptom I-Symptom O
O O O O O B-Symptom I-Symptom O
O O O O O O B-Symptom I-Symptom O
O O O O
O O O B-Symptom O
O O O O
O O O O O B-Symptom I-Symptom I-Symptom I-Symptom O
O O O O O B-Symptom I-Symptom O
O O O O O O B-Symptom I-Symptom O
O O O O
O O O O O O O O O
O O O O O B-Symptom I-Symptom I-Symptom I-Symptom I-Symptom O
O O O O O B-Symptom I-Symptom O
O O O O O O B-Symptom I-Symptom O
O O O O
O O O O O B-Symptom I-Symptom I-Symptom O
O O O O O O B-Symptom I-Symptom O O O O O O O
O O O O O O B-Symptom I-Symptom I-Symptom I-Symptom I-Symptom O
O O O O B-Symptom O
O O O O
O O O O O B-Symptom O
O O O O O B-Symptom O
O O O O
O O O O B-Symptom O O O O O O O
O O O O O O B-Symptom I-Symptom I-Symptom O
O O O O
O O O O O B-Symptom I-Symptom O
O O O O O B-Symptom O
O O O O
O O O O O B-Symptom I-Symptom O
O O O O
O O O O O O B-Symptom I-Symptom O
O O O O O B-Symptom I-Symptom O
O O O O
O O O B-Symptom O
O O O O O O O B-Symptom I-Symptom O
O O O O
O O O O O O B-Symptom I-Symptom O
O O O O O O
O O O O O O B-Symptom I-Symptom I-Symptom I-Symptom O
O O O O
O O O O O O B-Symptom I-Symptom O
O O O
O O
O O O O O B-Symptom I-Symptom O O O O O O O O O
O O O B-Symptom O
O O O O B-Symptom O
O O O O
O O O O O O B-Symptom I-Symptom O
O O O O O
O O O O O O O B-Symptom I-Symptom O
O O O O O
O O O O O O O B-Symptom I-Symptom O
O O O O O O
O O O O O B-Symptom I-Symptom O
O O O O O O O O
O O O O
O O O O O O B-Symptom I-Symptom O
O O O O
O O O O
O O O O O B-Symptom I-Symptom O
O O O O O
O O O O O O B-Symptom I-Symptom I-Symptom O
O O O
O O O O
O O O O O O B-Symptom O
O O O O O B-Symptom O O O O O O O O 
O O O O O B-Symptom I-Symptom I-Symptom O
O O O O
O O O O O O
O O O O O B-Symptom I-Symptom O O
O O O O B-Symptom I-Symptom I-Symptom O
O O O B-Symptom O
O O O O B-Symptom O
O O O
O O O O
O O O O
O O O O O O B-Symptom O
O O O O O
O O O O O O B-Symptom I-Symptom I-Symptom O
O O O O O O O
O O O O
O O O O O O B-Symptom O
O O O O O B-Symptom O
O O O O
O O O O O O B-Symptom O
O O O O
O O O O O O B-Symptom I-Symptom I-Symptom O
O O O O O O O O
O O O O O O O B-Symptom I-Symptom I-Symptom O
O O O O O O B-Symptom I-Symptom O O O O O O O O O
O O O O B-Symptom I-Symptom I-Symptom O
O O O O B-Symptom O
O O O O O O B-Symptom I-Symptom O
O O O O O
O O O O
O O O O O B-Symptom I-Symptom O O
O O O O O B-Symptom I-Symptom O
O O O B-Symptom O
O O O O O O B-Symptom I-Symptom O
O O O O B-Symptom O
O O O O O O B-Symptom I-Symptom O
O O O O O O
O O O O B-Symptom O
O O O O
O O O O
O O O O O B-Symptom I-Symptom O
O O O O O O O O B-Symptom I-Symptom O O O O O O O
O O O O O O B-Symptom O
O O O
O O O O O O
O O O O O B-Symptom O
O O O O O O O O
O O O O B-Symptom O
O O O O
O O O O O B-Symptom O
O O O O B-Symptom O
O O O O O O B-Symptom I-Symptom I-Symptom O O O O O O O
O O O
O O O O O B-Symptom O O O
O O O O O O B-Symptom I-Symptom O
O O O O O B-Symptom I-Symptom O O
O O O O O O B-Symptom I-Symptom O O O O O O O O O
O O O O O O B-Symptom I-Symptom I-Symptom I-Symptom O O O O O O O
O O O O O O O B-Symptom I-Symptom I-Symptom I-Symptom O
O O O O O B-Symptom O
O O O O O B-Symptom I-Symptom O
O O O O
O O O O O O O O B-Symptom O
O O O O
O O O O O O B-Symptom I-Symptom O
O O O O B-Symptom O
O O O O
O O O O
O O O B-Symptom O
O O O O O O
O O O O O O B-Symptom I-Symptom I-Symptom O O O O O O
O O O O O O O
O O O O
O O O O O B-Symptom O
O O O O O O B-Symptom O
O O O O O O B-Symptom I-Symptom I-Symptom O
O O O O O O O O
O O O O O O O O B-Symptom I-Symptom I-Symptom I-Symptom I-Symptom O
O O O O O O O
O O O O O O B-Symptom I-Symptom I-Sympto O
O O O O O O O
O O O O O O
O O O O B-Symptom I-Symptom I-Symptom O O 
O O O O B-Symptom I-Symptom I-Symptom I-Symptom O O O O O O O
O O O O O O O
O O O O O O B-Symptom I-Symptom O
O O O B-Symptom O
O O O O
O O O O O O O B-Symptom I-Symptom I-Symptom I-Symptom O
O O O O O O
O O O O O O O O B-Symptom I-Symptom I-Symptom I-Symptom O
O O O O O O O O B-Symptom I-Symptom O
O O O O B-Symptom I-Symptom I-Symptom I-Symptom O
O O O O O O B-Symptom I-Symptom O
O O O O O O B-Symptom I-Symptom I-Symptom O
O O O O
O O O O B-Symptom I-Symptom I-Symptom I-Symptom O
O O O O
O O O O O B-Symptom I-Symptom I-Symptom O
O O O O O O B-Symptom I-Symptom I-Symptom O O O O O O O
O O O O O O
O O O O O B-Symptom I-Symptom I-Symptom O
O O O O
O O O O B-Symptom I-Symptom I-Symptom O
O O O O O B-Symptom I-Symptom I-Symptom O
O O O O O O O B-Symptom I-Symptom I-Symptom O
O O O O O O B-Symptom O
O O O O O O O
O O O O O
O O O B-Symptom I-Symptom O
O O O O
O O O O B-Symptom O
O O O O O O O B-Symptom I-Symptom O
O O O O O O O O B-Symptom I-Symptom I-Symptom I-Symptom O
O O O O O O B-Symptom i-Symptom I-Symptom O
O O O O O O O O O
O O O O O O B-Symptom I-Symptom I-Symptom O
O O O B-Symptom I-Symptom O
O O O O O B-Symptom O O O O O O O O
O O O O O
O O O O
O O O O O O O B-Symptom I-Symptom I-Symptom I-Symptom O
O O O O O B-Symptom I-Symptom O
O O O O
O O
O O O O B-Symptom O O O O O O O O O
O O O O O B-Symptom O
O O O O
O O O O O O O O B-Symptom I-Symptom O
O O O O O B-Symptom I-Symptom O O
O O O O O O B-Symptom I-Symptom O
O O
O O O O
O O O O O O B-Symptom I-Symptom I-Symptom O
O O O O O O O B-Symptom I-Symptom I-Symptom O
O O O O
O O O O O B-Symptom I-Symptom O
O O O O O O O O
O O O O
O O O O O B-Symptom I-Symptom I-Symptom O
O O O O O O O O B-Symptom I-Symptom I-Symptom O
O O O O
O O O O O B-Symptom I-Symptom O
O O O O O O B-Symptom I-Symptom O O
O O O O O O O B-Symptom I-Symptom O
O O O O O
O O O O B-Symptom O
O O O O B-Symptom O
O O O O O B-Symptom O
O O O O
O O O O O B-Symptom O O
O O O O O O O B-Symptom I-Symptom O
O O O O O O B-Symptom I-Symptom I-Symptom I-Symptom O
O O O O
O O O O
O O O O O B-Symptom I-Symptom O
O O O O O O O
O O O O O O B-Symptom O
O O O O O B-Symptom I-Symptom O
O O O O
O O O O B-Symptom O
O O O O B-Symptom I-Symptom O
O O O B-Symptom I-Symptom I-Symptom O O O O O O O O O
O O O O
O O O O O O O B-Symptom I-Symptom O
O O O O O B-Symptom I-Symptom I-Symptom I-Symptom O
O O O O O O O O B-Symptom I-Symptom I-Symptom O
O O O O O O B-Symptom I-Symptom O
O O O O O B-Symptom I-Symptom O
O O O O O B-Symptom O O
O O O O
O O O O O O O
O O O B-Symptom O
O O O O O O B-Symptom I-Symptom I-Symptom O
O O O O O O B-Symptom O
O O O O O O
O O O O O O B-Symptom I-Symptom O
O O O O
O O O O O B-Symptom I-Symptom I-Symptom O
O O O O
O O O O O B-Symptom I-Symptom O
O O O O O B-Symptom O
O O O O
O O O O B-Symptom I-Symptom I-Symptom O
O O O O
O O O O
O O O O O B-Symptom I-Symptom I-Symptom I-Symptom I-Symptom O
O O O O
O O O O O O B-Symptom I-Symptom I-Symptom I-Symptom O
O O O O
O O O O O O O O O O B-Symptom O
O O O O
O O O B-Symptom O
O O O O O B-Symptom O O
O O O O O O
O O O O O O O
O O O O O O O B-Symptom I-Symptom O
O O O O
O O O O B-Symptom O O O O O O O
O O O O O O O B-Symptom I-Symptom I-Symptom I-Symptom O
O O O O O B-Symptom I-Symptom O 
O O O O O O O B-Symptom O
O O O O O O B-Symptom I-Symptom I-Symptom I-Symptom O
O O O O O
O O O O
O O O O O B-Symptom I-Symptom O
O O O O
O O
O O O O O B-Symptom I-Symptom I-Symptom I-Symptom  O
O O O O
O O O O B-Symptom O
O O O O O
O O O O O B-Symptom I-Symptom O
O O O O
O O O O B-Symptom I-Symptom O
O O O O
O O O O O O B-Symptom I-Symptom O
O O O O
O O O O B-Symptom I-Symptom I-Symptom I-Symptom O
O O O O O O B-Symptom I-Symptom I-Symptom I-Symptom O
O O O O O O B-Symptom I-Symptom I-Symptom I-Symptom I-Symptom O
O O O B-Symptom O
O O O O O O O O B-Symptom O
O O O O O O O O
O O O O O O
O O O O O B-Symptom O
O O O O
O O O O O B-Symptom O O
O O O O O O O B-Symptom I-Symptom I-Symptom O
O O O O O O O O B-Symptom I-Symptom I-Symptom I-Symptom O
O O O O O O
O O O O O O B-Symptom O
O O O O O B-Symptom O
O O O O
O O O O
O O O O O O B-Symptom O
O O O O
O O O O B-Symptom I-Symptom I-Symptom O
O O O O
O O O O O B-Symptom I-Symptom O
O O O O O B-Symptom O
O O O O O O O O O O B-Symptom O
O O O O O O B-Symptom I-Symptom O
O O O O O O B-Symptom I-Symptom O
O O O O
O O O O O O
O O O O O O B-Symptom I-Symptom I-Symptom O
O O O B-Symptom I-Symptom O
O O O O O
O O O O O O O O O B-Symptom O
O O O O O B-Symptom I-Symptom O
O O O O
O O O B-Symptom O
O O O O O O B-Symptom I-Symptom O
O O O O
O O O O O B-Symptom I-Symptom O
O O O O O O B-Symptom O
O O O O
O O O O O O B-Symptom I-Symptom O
O O O O O B-Symptom O
O O O O
O O O O
O O O B-Symptom O
O O O O O O B-Symptom I-Symptom O
O O O O
O O O O
O O O O O O B-Symptom O
O O O O B-Symptom O
O O O O
O O O O O B-Symptom O
O O O O O B-Symptom I-Symptom I-Symptom O
O O O O O O O B-Symptom I-Symptom I-Symptom O
O O
O O O B-Symptom O
O O O O O O B-Symptom I-Symptom I-Symptom O
O O O B-Symptom I-Symptom O
O O O O O B-Symptom I-Symptom O
O O O B-Symptom I-Symptom I-Symptom O
O O O O O
O O O O
O O O O O B-Symptom I-Symptom I-Symptom O
O O O O O O O O B-Symptom I-Symptom I-Symptom O
O O O B-Symptom O
O O O O B-Symptom O
O O O O O B-Symptom I-Symptom O
O O O O
O O O O O O O B-Symptom I-Symptom O
O O O O B-Symptom I-Symptom I-Symptom O
O O O O O O O O O O B-Symptom O
O O O O
O O O O O B-Symptom I-Symptom I-Symptom O
O O O O O O B-Symptom I-Symptom O
O O O O O O B-Symptom O
O O O O
O O O O O B-Symptom I-Symptom I-Symptom O
O O O O O O B-Symptom I-Symptom O
O O O O
O O O O O O B-Symptom I-Symptom I-Symptom I-Symptom O
O O O O O O O B-Symptom I-Symptom I-Symptom I-Symptom O
O O O O
O O O O O O O O O O O B-Symptom O
O O O O O O O
O O O O
O O O O O B-Symptom I-Symptom I-Symptom O
O O O O O O B-Symptom I-Symptom I-Symptom O
O O O O O B-Symptom I-Symptom I-Symptom O
O O O O
O O O B-Symptom O
O O O O B-Symptom O
O O O O O O O O O B-Symptom O
O O O O O O B-Symptom I-Symptom I-Symptom O
O O O O
O O O O O O B-Symptom I-Symptom I-Symptom O
O O O O O O B-Symptom O
O O O O B-Symptom I-Symptom O
O O O O O B-Symptom O
O O O O
O O O O O B-Symptom O O
O O O O
O O O O O O B-Symptom O
O O O O
O O O O
O O O O O B-Symptom O
O O O O B-Symptom I-Symptom I-Symptom O
O O O O O O O B-Symptom I-Symptom O
O O O O O O B-Symptom I-Symptom I-Symptom O
O O O O O B-Symptom I-Symptom I-Symptom I-Symptom I-Symptom O
O O O O
O O O O O B-Symptom I-Symptom I-Symptom O
O O O O O O O O
O O O O O B-Symptom I-Symptom I-Symptom O
O O O O O O O B-Symptom O
O O O O O B-Symptom I-Symptom O
O O O O O O O O B-Symptom O
O O O O
O O O O O O O O O O B-Symptom O
O O O O O B-Symptom O
O O O O O O B-Symptom O
O O O O O O O
O O O O O O O B-Symptom I-Symptom I-Symptom O
O O O O O B-Symptom I-Symptom I-Symptom O
O O O O O B-Symptom O
O O O O O O O B-Symptom I-Symptom I-Symptom O
O O O O O O O O B-Symptom I-Symptom I-Symptom O
O O O O O O B-Symptom I-Symptom I-Symptom O
O O O O O B-Symptom O
O O O O O O B-Symptom O
O O O O O O B-Symptom I-Symptom O
O O O O O B-Symptom I-Symptom O
O O O O
O O O O O O O B-Symptom I-Symptom O
O O O O
O O O O
O O O O O O B-Symptom I-Symptom I-Symptom O
O O O O
O O O O O B-Symptom I-Symptom I-Symptom O
O O O O O O O O B-Symptom I-Symptom O
O O O O
O O O O O O B-Symptom O
O O O O O O B-Symptom I-Symptom I-Symptom O
O O O O O B-Symptom I-Symptom O
O O O O
O O O O O O B-Symptom I-Symptom O
O O O O O B-Symptom O
O O O O O O B-Symptom I-Symptom O O O O O O O
O O O B-Symptom I-Symptom I-Symptom O
O O O O O O O B-Symptom O
O O O O B-Symptom O
O O O O
O O O O O
O O O O O O B-Symptom I-Symptom O
O O O O
O O O O B-Symptom O
O O O O O O O B-Symptom O O O O O O O O O
O O O O O O O O O O O B-Symptom O
O O O O
O O O O O O O
O O O O O O B-Symptom I-Symptom O
O O O O O B-Symptom I-Symptom O
O O O
O O O O O O B-Symptom I-Symptom I-Symptom O
O O O O
O O O O O B-Symptom I-Symptom I-Symptom I-Symptom O
O O O O O O
O O O O B-Symptom O O
O O O O O B-Symptom I-Symptom I-Symptom O
O O O O O O B-Symptom I-Symptom I-Symptom O
O O O O
O O O O O O B-Symptom I-Symptom I-Symptom I-Symptom O
O O O B-Symptom I-Symptom I-Symptom I-Symptom O O O O O O O
O O O O O O B-Symptom I-Symptom I-Symptom I-Symptom O
O O O O O B-Symptom I-Symptom O
O O O O O B-Symptom I-Symptom O
O O O O O O
O O O O O O B-Symptom I-Symptom I-Symptom O
O O O O O B-Symptom O O
O O O O O O B-Symptom O
O O O O
O O O O O B-Symptom I-Symptom I-Symptom I-Symptom O
O O O O O O O B-Symptom O
O O O O
O O O O O B-Symptom I-Symptom O
O O O O O O B-Symptom I-Symptom O
O O O O O O B-Symptom I-Symptom I-Symptom O
O O O O
O O O O
O O O O O O B-Symptom I-Symptom I-Symptom O
O O O O O
O O O O O B-Symptom I-Symptom I-Symptom O
O O O O O O B-Symptom I-Symptom I-Symptom I-Symptom O
O O O B-Symptom O
O O O O O O
O O O O B-Symptom I-Symptom O
O O O O O O
O O O O B-Symptom O
O O O O O B-Symptom I-Symptom O O
O O O O O B-Symptom I-Symptom O
O O O O O O O 
O O O O O O B-Symptom O O O O O O O 
O O O O O O O
O O O O 
O O O O O B-Symptom I-Symptom I-Symptom O
O O O O O O O B-Symptom I-Symptom I-Symptom O
O O O O O B-Symptom I-Symptom O
O O O O O B-Symptom I-Symptom O
O O O O O O B-Symptom O
O O O O O O O B-Symptom O O O O O O O O O
O O O O
O O O O O O O
O O O O O O B-Symptom I-Symptom I-Symptom I-Symptom O
O O O O
O O O O O O B-Symptom I-Symptom I-Symptom O
O O O O
O O O O B-Symptom I-Symptom I-Symptom O
O O O  O
O O O O O B-Symptom I-Symptom I-Symptom I-Symptom O
O O O O O B-Symptom I-Symptom O
O O O O 
O O O B-Symptom O
O O O O O O B-Symptom O O O O O O O O O 
O O O O O O O O O B-Symptom O
O O O O
O O O O O B-Symptom I-Symptom I-Symptom I-Symptom O
O O O O O O O
O O O O O O B-Symptom I-Symptom O
O O O O O
O O O O O O B-Symptom I-Symptom I-Symptom O
O O O O O B-Symptom I-Symptom O
O O O O
O O O O B-Symptom O
O O O O O O O B-Symptom O
O O O O O O B-Symptom I-Symptom I-Symptom I-Symptom O
O O O O O B-Symptom I-Symptom O
O O O O B-Symptom O
O O O O O O O
O O O O O O O B-Symptom I-Symptom O
O O O O
O O O B-Symptom O
O O O O O O O O B-Symptom O
O O O O
O O O O B-Symptom O
O O O O B-Symptom I-Symptom I-Symptom I-Symptom O
O O O O O
O O O O O B-Symptom I-Symptom O
O O O O O O O B-Symptom I-Symptom I-Symptom I-Symptom O O O O O O O
O O O O O O B-Symptom I-Symptom O
O O O O O O B-Symptom I-Symptom I-Symptom O
O O O O
O O O O O B-Symptom O
O O O O O O B-Symptom I-Symptom O
O O O O O O O O O O B-Symptom O
O O O O O O O B-Symptom O
O O O O O B-Symptom I-Symptom O
O O O O O O O B-Symptom I-Symptom I-Symptom I-Symptom O
O O O O
O O O O O B-Symptom I-Symptom I-Symptom O
O O O O B-Symptom O
O O O O O O
O O O O O O O B-Symptom O
O O O O O O O O B-Symptom I-Symptom I-Symptom O
O O O O O
O O O O O B-Symptom I-Symptom O
O O O O
O O O O B-Symptom I-Symptom I-Symptom O
O O O O O O B-Symptom I-Symptom I-Symptom O
O O O O O B-Symptom O
O O O O O O O B-Symptom I-Symptom I-Symptom I-Symptom I-Symptom O
O O O O
O O O O O B-Symptom O
O O O O O B-Symptom I-Symptom O
O O O O O O B-Symptom O
O O O O O O B-Symptom I-Symptom I-Symptom I-Symptom I-Symptom O
O O O O
O O O O O B-Symptom I-Symptom O
O O O O O O O
O O O O O O O O B-Symptom I-Symptom O
O O O O O O B-Symptom I-Symptom I-Symptom I-Symptom O
O O O O O B-Symptom O
O O O O O O B-Symptom I-Symptom I-Symptom O
O O O O O O B-Symptom I-Symptom I-Symptom I-Symptom O
O O O O O
O O O O
O O O O O B-Symptom I-Symptom I-Symptom I-Symptom O
O O O O O O O B-Symptom I-Symptom O
O O O O
O O O O
O O O O B-Symptom O
O O O O O O
O O O O O O O B-Symptom I-Symptom I-Symptom O
O O O O O B-Symptom O
O O O O O O B-Symptom I-Symptom O O O O O O O O O
O O O O O O B-Symptom O
O O O O B-Symptom I-Symptom I-Symptom O O O O O O O
O O O O O O B-Symptom I-Symptom I-Symptom O
O O O O O O O O B-Symptom O
O O O O O O
O O O O O B-Symptom I-Symptom O
O O O O
O O O O B-Symptom O
O O O O B-Symptom I-Symptom I-Symptom O O O O O O O O O
O O O O
O O O O
O O O O O O 
O O O O O B-Symptom I-Symptom O
O O O O O O O B-Symptom I-Symptom I-Symptom O
O O O O O O B-Symptom I-Symptom O O O O O O O O O
O O O O O B-Symptom I-Symptom O
O O O O B-Symptom O O
O O O O O O O B-Symptom I-Symptom I-Symptom O O O O O O O
O O O O
O O O O O B-Symptom I-Symptom O
O O O O O B-Symptom I-Symptom I-Symptom O
O O O O O O O O
O O O O
O O O O O O B-Symptom I-Symptom I-Symptom O
O O O O O
O O O B-Symptom O
O O O O 
O O O O B-Symptom O
O O O O 
O O O B-Symptom I-Symptom I-Symptom I-Symptom I-Symptom I-Symptom I-Symptom O
O O O O O O B-Symptom I-Symptom O O O O O O O O O
O O O O O O B-Symptom I-Symptom I-Symptom I-Symptom I-Symptom I-Symptom I-Symptom I-Symptom I-Symptom O
O O O O B-Symptom O
O O O O O O B-Symptom I-Symptom O
O O O O O O O B-Symptom I-Symptom I-Symptom I-Symptom O
O O O O O O O B-Symptom I-Symptom I-Symptom O
O O O 
O O O O O B-Symptom I-Symptom O
O O O O O O O O O O B-Symptom O
O O O O O O B-Symptom I-Symptom I-Symptom O O O O O O O O O
O O O O O B-Symptom I-Symptom I-Symptom O
O O O O O O O
O O O O B-Symptom O
O O O O 
O O
O O O O O B-Symptom I-Symptom I-Symptom I-Symptom O
O O O O O O O O B-Symptom I-Symptom I-Symptom O
O O O B-Symptom I-Symptom I-Symptom O
O O O O
O O O O O O B-Symptom I-Symptom I-Symptom O
O O O O
O O O O O O B-Symptom O
O O O O
O O O O 
O O O O O O B-Symptom O
O O O O O O B-Symptom I-Symptom I-Symptom O
O O O O B-Symptom O
O O O O O O B-Symptom I-Symptom I-Symptom O
O O O O O O O O O B-Symptom O
O O O O O B-Symptom I-Symptom O
O O O O O O B-Symptom I-Symptom I-Symptom O
O O O O O O B-Symptom O
O O O O
O O O O O B-Symptom O
O O O O O O B-Symptom I-Symptom I-Symptom O
O O O O O O O B-Symptom I-Symptom I-Symptom O
O O O O O O B-Symptom O
O O O O O O B-Symptom O
O O O O O O O B-Symptom O
O O O
O O O O O O B-Symptom I-Symptom O
O O O O O B-Symptom I-Symptom I-Symptom O
O O O O
O O O O O O O
O O O O O O B-Sympto I-Symptom I-Symptom O
O O O O O O B-Symptom O
O O O O O O B-Symptom I-Symptom I-Symptom O
O O O O O O O B-Symptom I-Symptom O
O O O O
O O O O O B-Symptom O
O O O O O O B-Symptom I-Symptom O
O O O O
O O O O O B-Symptom I-Symptom O
O O O O O O B-Symptom I-Symptom O
O O O O O B-Symptom I-Symptom O
O O O O O
O O O B-Symptom O
O O O O
O O O O O O B-Sympto O O O O O O O
O O O O O O B-Symptom I-Symptom I-Symptom O
O O O O
O O O O O O B-Symptom I-Symptom O
O O O O O O O B-Symptom I-Symptom O
O O O O
O O O O O O O B-Symptom I-Symptom O
O O O O
O O O O O B-Symptom O
O O O O O B-Symptom O
O O O O
O O O O O O O
O O O O O O B-Symptom I-Symptom I-Symptom O
O O O O B-Symptom I-Symptom O
O O O O B-Symptom O
O O O O O O B-Symptom O
O O O O O O O O B-Symptom I-Symptom I-Symptom O
O O O O O B-Symptom I-Symptom I-Symptom O
O O O O O B-Symptom O
O O O O O O O B-Symptom O
O O O O O O O B-Symptom I-Symptom O
O O O O O O B-Symptom O
O O O O O O O
O O O O O O B-Symptom O
O O O O
O O O O B-Symptom I-Symptom O
O O O
O O O O O O B-Symptom O
O O O O B-Symptom O O O O O O O O O
O O O O O O O O B-Symptom I-Symptom O
